<?xml version="1.0" encoding="UTF-8"?>
<coverage generated="1751616736413" clover="3.2.0">
  <project timestamp="1751616736413" name="All files">
    <metrics statements="20" coveredstatements="19" conditionals="31" coveredconditionals="30" methods="2" coveredmethods="2" elements="53" coveredelements="51" complexity="0" loc="20" ncloc="20" packages="1" files="2" classes="2"/>
    <file name="userValidator.js" path="C:\Users\przemyslaw.pyszczek\Desktop\moj-projekt-java\userValidator.js">
      <metrics statements="11" coveredstatements="11" conditionals="18" coveredconditionals="18" methods="1" coveredmethods="1"/>
      <line num="2" count="5" type="stmt"/>
      <line num="4" count="5" type="cond" truecount="4" falsecount="0"/>
      <line num="5" count="1" type="stmt"/>
      <line num="8" count="5" type="cond" truecount="5" falsecount="0"/>
      <line num="9" count="1" type="stmt"/>
      <line num="12" count="5" type="cond" truecount="5" falsecount="0"/>
      <line num="13" count="1" type="stmt"/>
      <line num="16" count="5" type="cond" truecount="4" falsecount="0"/>
      <line num="17" count="1" type="stmt"/>
      <line num="20" count="5" type="stmt"/>
      <line num="26" count="1" type="stmt"/>
    </file>
    <file name="utils.js" path="C:\Users\przemyslaw.pyszczek\Desktop\moj-projekt-java\utils.js">
      <metrics statements="9" coveredstatements="8" conditionals="13" coveredconditionals="12" methods="1" coveredmethods="1"/>
      <line num="2" count="3" type="stmt"/>
      <line num="4" count="3" type="cond" truecount="4" falsecount="0"/>
      <line num="5" count="1" type="stmt"/>
      <line num="9" count="3" type="cond" truecount="5" falsecount="0"/>
      <line num="10" count="1" type="stmt"/>
      <line num="14" count="3" type="cond" truecount="3" falsecount="1"/>
      <line num="15" count="0" type="stmt"/>
      <line num="18" count="3" type="stmt"/>
      <line num="23" count="1" type="stmt"/>
    </file>
  </project>
</coverage>
