TN:
SF:userValidator.js
FN:1,validateUserData
FNF:1
FNH:1
FNDA:5,validateUserData
DA:2,5
DA:4,5
DA:5,1
DA:8,5
DA:9,1
DA:12,5
DA:13,1
DA:16,5
DA:17,1
DA:20,5
DA:26,1
LF:11
LH:11
BRDA:4,0,0,1
BRDA:4,0,1,4
BRDA:4,1,0,5
BRDA:4,1,1,5
BRDA:8,2,0,1
BRDA:8,2,1,4
BRDA:8,3,0,5
BRDA:8,3,1,5
BRDA:8,3,2,4
BRDA:12,4,0,1
BRDA:12,4,1,4
BRDA:12,5,0,5
BRDA:12,5,1,5
BRDA:12,5,2,4
BRDA:16,6,0,1
BRDA:16,6,1,4
BRDA:16,7,0,5
BRDA:16,7,1,5
BRF:18
BRH:18
end_of_record
TN:
SF:utils.js
FN:1,validateForm
FNF:1
FNH:1
FNDA:3,validateForm
DA:2,3
DA:4,3
DA:5,1
DA:9,3
DA:10,1
DA:14,3
DA:15,0
DA:18,3
DA:23,1
LF:9
LH:8
BRDA:4,0,0,1
BRDA:4,0,1,2
BRDA:4,1,0,3
BRDA:4,1,1,3
BRDA:9,2,0,1
BRDA:9,2,1,2
BRDA:9,3,0,3
BRDA:9,3,1,3
BRDA:9,3,2,2
BRDA:14,4,0,0
BRDA:14,4,1,3
BRDA:14,5,0,3
BRDA:14,5,1,3
BRF:13
BRH:12
end_of_record
